<?xml version="1.0" encoding="UTF-8"?>
<!-- Generated by org.testng.reporters.JUnitXMLReporter -->
<testsuite hostname="Arunkumar" ignored="0" name="Default test" tests="5" failures="0" timestamp="04 Sep 2018 11:13:11 GMT" time="9.047" errors="0">
  <testcase name="verifybasicinfoofuser" time="4.266" classname="com.licious.test.Login"/>
  <testcase name="verifyloginwithdiffcrds" time="1.219" classname="com.licious.test.Login"/>
  <testcase name="verifyloginwithdiffcrds" time="1.043" classname="com.licious.test.Login"/>
  <testcase name="verifyloginwithdiffcrds" time="0.854" classname="com.licious.test.Login"/>
  <testcase name="verifyloginwithdiffcrds" time="1.098" classname="com.licious.test.Login"/>
</testsuite> <!-- Default test -->
